This file contains any messages produced by compilers while
running configure, to aid debugging if configure makes a mistake.

It was created by ooc configure 0.0.1, which was
generated by GNU Autoconf 2.69.  Invocation command line was

  $ ./configure --no-create --no-recursion

## --------- ##
## Platform. ##
## --------- ##

hostname = h4k
uname -m = x86_64
uname -r = 3.11.4-1-ARCH
uname -s = Linux
uname -v = #1 SMP PREEMPT Sat Oct 5 21:22:51 CEST 2013

/usr/bin/uname -p = unknown
/bin/uname -X     = unknown

/bin/arch              = unknown
/usr/bin/arch -k       = unknown
/usr/convex/getsysinfo = unknown
/usr/bin/hostinfo      = unknown
/bin/machine           = unknown
/usr/bin/oslevel       = unknown
/bin/universe          = unknown

PATH: /usr/local/arm/r21/bin
PATH: /cris/r94/bin
PATH: /home/igutek/local/Matlab/bin
PATH: /home/igutek/lm4tools/lm4flash
PATH: /home/igutek/6.115-Toolchain/tools/bin
PATH: /home/igutek/local/bin
PATH: /usr/local/arm/r21/bin
PATH: /cris/r94/bin
PATH: /home/igutek/local/Matlab/bin
PATH: /home/igutek/lm4tools/lm4flash
PATH: /home/igutek/6.115-Toolchain/tools/bin
PATH: /home/igutek/local/bin
PATH: /usr/local/sbin
PATH: /usr/local/bin
PATH: /usr/bin
PATH: /opt/cuda/bin
PATH: /usr/bin/site_perl
PATH: /usr/bin/vendor_perl
PATH: /usr/bin/core_perl


## ----------- ##
## Core tests. ##
## ----------- ##

configure:2308: checking for a BSD-compatible install
configure:2376: result: /usr/bin/install -c
configure:2387: checking whether build environment is sane
configure:2442: result: yes
configure:2593: checking for a thread-safe mkdir -p
configure:2632: result: /usr/bin/mkdir -p
configure:2639: checking for gawk
configure:2655: found /usr/bin/gawk
configure:2666: result: gawk
configure:2677: checking whether make sets $(MAKE)
configure:2699: result: yes
configure:2728: checking whether make supports nested variables
configure:2745: result: yes
configure:2887: checking for style of include used by make
configure:2915: result: GNU
configure:2986: checking for gcc
configure:3002: found /usr/bin/gcc
configure:3013: result: gcc
configure:3242: checking for C compiler version
configure:3251: gcc --version >&5
gcc (GCC) 4.8.1 20130725 (prerelease)
Copyright (C) 2013 Free Software Foundation, Inc.
This is free software; see the source for copying conditions.  There is NO
warranty; not even for MERCHANTABILITY or FITNESS FOR A PARTICULAR PURPOSE.

configure:3262: $? = 0
configure:3251: gcc -v >&5
Using built-in specs.
COLLECT_GCC=gcc
COLLECT_LTO_WRAPPER=/usr/lib/gcc/x86_64-unknown-linux-gnu/4.8.1/lto-wrapper
Target: x86_64-unknown-linux-gnu
Configured with: /build/gcc/src/gcc-4.8-20130725/configure --prefix=/usr --libdir=/usr/lib --libexecdir=/usr/lib --mandir=/usr/share/man --infodir=/usr/share/info --with-bugurl=https://bugs.archlinux.org/ --enable-languages=c,c++,ada,fortran,go,lto,objc,obj-c++ --enable-shared --enable-threads=posix --with-system-zlib --enable-__cxa_atexit --disable-libunwind-exceptions --enable-clocale=gnu --disable-libstdcxx-pch --enable-gnu-unique-object --enable-linker-build-id --enable-cloog-backend=isl --disable-cloog-version-check --enable-lto --enable-gold --enable-ld=default --enable-plugin --with-plugin-ld=ld.gold --with-linker-hash-style=gnu --disable-install-libiberty --disable-multilib --disable-libssp --disable-werror --enable-checking=release
Thread model: posix
gcc version 4.8.1 20130725 (prerelease) (GCC) 
configure:3262: $? = 0
configure:3251: gcc -V >&5
gcc: error: unrecognized command line option '-V'
gcc: fatal error: no input files
compilation terminated.
configure:3262: $? = 1
configure:3251: gcc -qversion >&5
gcc: error: unrecognized command line option '-qversion'
gcc: fatal error: no input files
compilation terminated.
configure:3262: $? = 1
configure:3282: checking whether the C compiler works
configure:3304: gcc    conftest.c  >&5
configure:3308: $? = 0
configure:3356: result: yes
configure:3359: checking for C compiler default output file name
configure:3361: result: a.out
configure:3367: checking for suffix of executables
configure:3374: gcc -o conftest    conftest.c  >&5
configure:3378: $? = 0
configure:3400: result: 
configure:3422: checking whether we are cross compiling
configure:3430: gcc -o conftest    conftest.c  >&5
configure:3434: $? = 0
configure:3441: ./conftest
configure:3445: $? = 0
configure:3460: result: no
configure:3465: checking for suffix of object files
configure:3487: gcc -c   conftest.c >&5
configure:3491: $? = 0
configure:3512: result: o
configure:3516: checking whether we are using the GNU C compiler
configure:3535: gcc -c   conftest.c >&5
configure:3535: $? = 0
configure:3544: result: yes
configure:3553: checking whether gcc accepts -g
configure:3573: gcc -c -g  conftest.c >&5
configure:3573: $? = 0
configure:3614: result: yes
configure:3631: checking for gcc option to accept ISO C89
configure:3694: gcc  -c -g -O2  conftest.c >&5
configure:3694: $? = 0
configure:3707: result: none needed
configure:3732: checking whether gcc understands -c and -o together
configure:3754: gcc -c conftest.c -o conftest2.o
configure:3757: $? = 0
configure:3754: gcc -c conftest.c -o conftest2.o
configure:3757: $? = 0
configure:3769: result: yes
configure:3788: checking dependency style of gcc
configure:3899: result: gcc3
configure:3918: checking for gcc option to accept ISO C99
configure:4067: gcc  -c -g -O2  conftest.c >&5
conftest.c:61:29: error: expected ';', ',' or ')' before 'text'
 test_restrict (ccp restrict text)
                             ^
conftest.c: In function 'main':
conftest.c:115:18: error: expected '=', ',', ';', 'asm' or '__attribute__' before 'newvar'
   char *restrict newvar = "Another string";
                  ^
conftest.c:115:18: error: 'newvar' undeclared (first use in this function)
conftest.c:115:18: note: each undeclared identifier is reported only once for each function it appears in
conftest.c:125:3: error: 'for' loop initial declarations are only allowed in C99 mode
   for (int i = 0; i < ia->datasize; ++i)
   ^
conftest.c:125:3: note: use option -std=c99 or -std=gnu99 to compile your code
configure:4067: $? = 1
configure: failed program was:
| /* confdefs.h */
| #define PACKAGE_NAME "ooc"
| #define PACKAGE_TARNAME "ooc"
| #define PACKAGE_VERSION "0.0.1"
| #define PACKAGE_STRING "ooc 0.0.1"
| #define PACKAGE_BUGREPORT "igutekunst@gmail.com"
| #define PACKAGE_URL ""
| #define PACKAGE "ooc"
| #define VERSION "0.0.1"
| /* end confdefs.h.  */
| #include <stdarg.h>
| #include <stdbool.h>
| #include <stdlib.h>
| #include <wchar.h>
| #include <stdio.h>
| 
| // Check varargs macros.  These examples are taken from C99 6.10.3.5.
| #define debug(...) fprintf (stderr, __VA_ARGS__)
| #define showlist(...) puts (#__VA_ARGS__)
| #define report(test,...) ((test) ? puts (#test) : printf (__VA_ARGS__))
| static void
| test_varargs_macros (void)
| {
|   int x = 1234;
|   int y = 5678;
|   debug ("Flag");
|   debug ("X = %d\n", x);
|   showlist (The first, second, and third items.);
|   report (x>y, "x is %d but y is %d", x, y);
| }
| 
| // Check long long types.
| #define BIG64 18446744073709551615ull
| #define BIG32 4294967295ul
| #define BIG_OK (BIG64 / BIG32 == 4294967297ull && BIG64 % BIG32 == 0)
| #if !BIG_OK
|   your preprocessor is broken;
| #endif
| #if BIG_OK
| #else
|   your preprocessor is broken;
| #endif
| static long long int bignum = -9223372036854775807LL;
| static unsigned long long int ubignum = BIG64;
| 
| struct incomplete_array
| {
|   int datasize;
|   double data[];
| };
| 
| struct named_init {
|   int number;
|   const wchar_t *name;
|   double average;
| };
| 
| typedef const char *ccp;
| 
| static inline int
| test_restrict (ccp restrict text)
| {
|   // See if C++-style comments work.
|   // Iterate through items via the restricted pointer.
|   // Also check for declarations in for loops.
|   for (unsigned int i = 0; *(text+i) != '\0'; ++i)
|     continue;
|   return 0;
| }
| 
| // Check varargs and va_copy.
| static void
| test_varargs (const char *format, ...)
| {
|   va_list args;
|   va_start (args, format);
|   va_list args_copy;
|   va_copy (args_copy, args);
| 
|   const char *str;
|   int number;
|   float fnumber;
| 
|   while (*format)
|     {
|       switch (*format++)
| 	{
| 	case 's': // string
| 	  str = va_arg (args_copy, const char *);
| 	  break;
| 	case 'd': // int
| 	  number = va_arg (args_copy, int);
| 	  break;
| 	case 'f': // float
| 	  fnumber = va_arg (args_copy, double);
| 	  break;
| 	default:
| 	  break;
| 	}
|     }
|   va_end (args_copy);
|   va_end (args);
| }
| 
| int
| main ()
| {
| 
|   // Check bool.
|   _Bool success = false;
| 
|   // Check restrict.
|   if (test_restrict ("String literal") == 0)
|     success = true;
|   char *restrict newvar = "Another string";
| 
|   // Check varargs.
|   test_varargs ("s, d' f .", "string", 65, 34.234);
|   test_varargs_macros ();
| 
|   // Check flexible array members.
|   struct incomplete_array *ia =
|     malloc (sizeof (struct incomplete_array) + (sizeof (double) * 10));
|   ia->datasize = 10;
|   for (int i = 0; i < ia->datasize; ++i)
|     ia->data[i] = i * 1.234;
| 
|   // Check named initializers.
|   struct named_init ni = {
|     .number = 34,
|     .name = L"Test wide string",
|     .average = 543.34343,
|   };
| 
|   ni.number = 58;
| 
|   int dynamic_array[ni.number];
|   dynamic_array[ni.number - 1] = 543;
| 
|   // work around unused variable warnings
|   return (!success || bignum == 0LL || ubignum == 0uLL || newvar[0] == 'x'
| 	  || dynamic_array[ni.number - 1] != 543);
| 
|   ;
|   return 0;
| }
configure:4067: gcc -std=gnu99 -c -g -O2  conftest.c >&5
configure:4067: $? = 0
configure:4087: result: -std=gnu99
configure:4188: checking for gcc -std=gnu99 option to accept ISO Standard C
configure:4202: result: -std=gnu99
configure:4218: checking how to run the C preprocessor
configure:4249: gcc -std=gnu99 -E  conftest.c
configure:4249: $? = 0
configure:4263: gcc -std=gnu99 -E  conftest.c
conftest.c:11:28: fatal error: ac_nonexistent.h: No such file or directory
 #include <ac_nonexistent.h>
                            ^
compilation terminated.
configure:4263: $? = 1
configure: failed program was:
| /* confdefs.h */
| #define PACKAGE_NAME "ooc"
| #define PACKAGE_TARNAME "ooc"
| #define PACKAGE_VERSION "0.0.1"
| #define PACKAGE_STRING "ooc 0.0.1"
| #define PACKAGE_BUGREPORT "igutekunst@gmail.com"
| #define PACKAGE_URL ""
| #define PACKAGE "ooc"
| #define VERSION "0.0.1"
| /* end confdefs.h.  */
| #include <ac_nonexistent.h>
configure:4288: result: gcc -std=gnu99 -E
configure:4308: gcc -std=gnu99 -E  conftest.c
configure:4308: $? = 0
configure:4322: gcc -std=gnu99 -E  conftest.c
conftest.c:11:28: fatal error: ac_nonexistent.h: No such file or directory
 #include <ac_nonexistent.h>
                            ^
compilation terminated.
configure:4322: $? = 1
configure: failed program was:
| /* confdefs.h */
| #define PACKAGE_NAME "ooc"
| #define PACKAGE_TARNAME "ooc"
| #define PACKAGE_VERSION "0.0.1"
| #define PACKAGE_STRING "ooc 0.0.1"
| #define PACKAGE_BUGREPORT "igutekunst@gmail.com"
| #define PACKAGE_URL ""
| #define PACKAGE "ooc"
| #define VERSION "0.0.1"
| /* end confdefs.h.  */
| #include <ac_nonexistent.h>
configure:4351: checking for grep that handles long lines and -e
configure:4409: result: /usr/bin/grep
configure:4414: checking for egrep
configure:4476: result: /usr/bin/grep -E
configure:4481: checking for ANSI C header files
configure:4501: gcc -std=gnu99 -c -g -O2  conftest.c >&5
configure:4501: $? = 0
configure:4574: gcc -std=gnu99 -o conftest -g -O2   conftest.c  >&5
configure:4574: $? = 0
configure:4574: ./conftest
configure:4574: $? = 0
configure:4585: result: yes
configure:4598: checking for sys/types.h
configure:4598: gcc -std=gnu99 -c -g -O2  conftest.c >&5
configure:4598: $? = 0
configure:4598: result: yes
configure:4598: checking for sys/stat.h
configure:4598: gcc -std=gnu99 -c -g -O2  conftest.c >&5
configure:4598: $? = 0
configure:4598: result: yes
configure:4598: checking for stdlib.h
configure:4598: gcc -std=gnu99 -c -g -O2  conftest.c >&5
configure:4598: $? = 0
configure:4598: result: yes
configure:4598: checking for string.h
configure:4598: gcc -std=gnu99 -c -g -O2  conftest.c >&5
configure:4598: $? = 0
configure:4598: result: yes
configure:4598: checking for memory.h
configure:4598: gcc -std=gnu99 -c -g -O2  conftest.c >&5
configure:4598: $? = 0
configure:4598: result: yes
configure:4598: checking for strings.h
configure:4598: gcc -std=gnu99 -c -g -O2  conftest.c >&5
configure:4598: $? = 0
configure:4598: result: yes
configure:4598: checking for inttypes.h
configure:4598: gcc -std=gnu99 -c -g -O2  conftest.c >&5
configure:4598: $? = 0
configure:4598: result: yes
configure:4598: checking for stdint.h
configure:4598: gcc -std=gnu99 -c -g -O2  conftest.c >&5
configure:4598: $? = 0
configure:4598: result: yes
configure:4598: checking for unistd.h
configure:4598: gcc -std=gnu99 -c -g -O2  conftest.c >&5
configure:4598: $? = 0
configure:4598: result: yes
configure:4613: checking stddef.h usability
configure:4613: gcc -std=gnu99 -c -g -O2  conftest.c >&5
configure:4613: $? = 0
configure:4613: result: yes
configure:4613: checking stddef.h presence
configure:4613: gcc -std=gnu99 -E  conftest.c
configure:4613: $? = 0
configure:4613: result: yes
configure:4613: checking for stddef.h
configure:4613: result: yes
configure:4613: checking for stdint.h
configure:4613: result: yes
configure:4613: checking for stdlib.h
configure:4613: result: yes
configure:4613: checking for string.h
configure:4613: result: yes
configure:4625: checking for stdbool.h that conforms to C99
configure:4692: gcc -std=gnu99 -c -g -O2  conftest.c >&5
configure:4692: $? = 0
configure:4699: result: yes
configure:4701: checking for _Bool
configure:4701: gcc -std=gnu99 -c -g -O2  conftest.c >&5
configure:4701: $? = 0
configure:4701: gcc -std=gnu99 -c -g -O2  conftest.c >&5
conftest.c: In function 'main':
conftest.c:61:20: error: expected expression before ')' token
 if (sizeof ((_Bool)))
                    ^
configure:4701: $? = 1
configure: failed program was:
| /* confdefs.h */
| #define PACKAGE_NAME "ooc"
| #define PACKAGE_TARNAME "ooc"
| #define PACKAGE_VERSION "0.0.1"
| #define PACKAGE_STRING "ooc 0.0.1"
| #define PACKAGE_BUGREPORT "igutekunst@gmail.com"
| #define PACKAGE_URL ""
| #define PACKAGE "ooc"
| #define VERSION "0.0.1"
| #define STDC_HEADERS 1
| #define HAVE_SYS_TYPES_H 1
| #define HAVE_SYS_STAT_H 1
| #define HAVE_STDLIB_H 1
| #define HAVE_STRING_H 1
| #define HAVE_MEMORY_H 1
| #define HAVE_STRINGS_H 1
| #define HAVE_INTTYPES_H 1
| #define HAVE_STDINT_H 1
| #define HAVE_UNISTD_H 1
| #define HAVE_STDDEF_H 1
| #define HAVE_STDINT_H 1
| #define HAVE_STDLIB_H 1
| #define HAVE_STRING_H 1
| /* end confdefs.h.  */
| #include <stdio.h>
| #ifdef HAVE_SYS_TYPES_H
| # include <sys/types.h>
| #endif
| #ifdef HAVE_SYS_STAT_H
| # include <sys/stat.h>
| #endif
| #ifdef STDC_HEADERS
| # include <stdlib.h>
| # include <stddef.h>
| #else
| # ifdef HAVE_STDLIB_H
| #  include <stdlib.h>
| # endif
| #endif
| #ifdef HAVE_STRING_H
| # if !defined STDC_HEADERS && defined HAVE_MEMORY_H
| #  include <memory.h>
| # endif
| # include <string.h>
| #endif
| #ifdef HAVE_STRINGS_H
| # include <strings.h>
| #endif
| #ifdef HAVE_INTTYPES_H
| # include <inttypes.h>
| #endif
| #ifdef HAVE_STDINT_H
| # include <stdint.h>
| #endif
| #ifdef HAVE_UNISTD_H
| # include <unistd.h>
| #endif
| int
| main ()
| {
| if (sizeof ((_Bool)))
| 	    return 0;
|   ;
|   return 0;
| }
configure:4701: result: yes
configure:4712: checking for inline
configure:4728: gcc -std=gnu99 -c -g -O2  conftest.c >&5
configure:4728: $? = 0
configure:4736: result: inline
configure:4754: checking for size_t
configure:4754: gcc -std=gnu99 -c -g -O2  conftest.c >&5
configure:4754: $? = 0
configure:4754: gcc -std=gnu99 -c -g -O2  conftest.c >&5
conftest.c: In function 'main':
conftest.c:62:21: error: expected expression before ')' token
 if (sizeof ((size_t)))
                     ^
configure:4754: $? = 1
configure: failed program was:
| /* confdefs.h */
| #define PACKAGE_NAME "ooc"
| #define PACKAGE_TARNAME "ooc"
| #define PACKAGE_VERSION "0.0.1"
| #define PACKAGE_STRING "ooc 0.0.1"
| #define PACKAGE_BUGREPORT "igutekunst@gmail.com"
| #define PACKAGE_URL ""
| #define PACKAGE "ooc"
| #define VERSION "0.0.1"
| #define STDC_HEADERS 1
| #define HAVE_SYS_TYPES_H 1
| #define HAVE_SYS_STAT_H 1
| #define HAVE_STDLIB_H 1
| #define HAVE_STRING_H 1
| #define HAVE_MEMORY_H 1
| #define HAVE_STRINGS_H 1
| #define HAVE_INTTYPES_H 1
| #define HAVE_STDINT_H 1
| #define HAVE_UNISTD_H 1
| #define HAVE_STDDEF_H 1
| #define HAVE_STDINT_H 1
| #define HAVE_STDLIB_H 1
| #define HAVE_STRING_H 1
| #define HAVE__BOOL 1
| /* end confdefs.h.  */
| #include <stdio.h>
| #ifdef HAVE_SYS_TYPES_H
| # include <sys/types.h>
| #endif
| #ifdef HAVE_SYS_STAT_H
| # include <sys/stat.h>
| #endif
| #ifdef STDC_HEADERS
| # include <stdlib.h>
| # include <stddef.h>
| #else
| # ifdef HAVE_STDLIB_H
| #  include <stdlib.h>
| # endif
| #endif
| #ifdef HAVE_STRING_H
| # if !defined STDC_HEADERS && defined HAVE_MEMORY_H
| #  include <memory.h>
| # endif
| # include <string.h>
| #endif
| #ifdef HAVE_STRINGS_H
| # include <strings.h>
| #endif
| #ifdef HAVE_INTTYPES_H
| # include <inttypes.h>
| #endif
| #ifdef HAVE_STDINT_H
| # include <stdint.h>
| #endif
| #ifdef HAVE_UNISTD_H
| # include <unistd.h>
| #endif
| int
| main ()
| {
| if (sizeof ((size_t)))
| 	    return 0;
|   ;
|   return 0;
| }
configure:4754: result: yes
configure:4765: checking for uint32_t
configure:4765: gcc -std=gnu99 -c -g -O2  conftest.c >&5
configure:4765: $? = 0
configure:4765: result: yes
configure:4828: checking for gcc
configure:4855: result: gcc
configure:5084: checking for C compiler version
configure:5093: gcc --version >&5
gcc (GCC) 4.8.1 20130725 (prerelease)
Copyright (C) 2013 Free Software Foundation, Inc.
This is free software; see the source for copying conditions.  There is NO
warranty; not even for MERCHANTABILITY or FITNESS FOR A PARTICULAR PURPOSE.

configure:5104: $? = 0
configure:5093: gcc -v >&5
Using built-in specs.
COLLECT_GCC=gcc
COLLECT_LTO_WRAPPER=/usr/lib/gcc/x86_64-unknown-linux-gnu/4.8.1/lto-wrapper
Target: x86_64-unknown-linux-gnu
Configured with: /build/gcc/src/gcc-4.8-20130725/configure --prefix=/usr --libdir=/usr/lib --libexecdir=/usr/lib --mandir=/usr/share/man --infodir=/usr/share/info --with-bugurl=https://bugs.archlinux.org/ --enable-languages=c,c++,ada,fortran,go,lto,objc,obj-c++ --enable-shared --enable-threads=posix --with-system-zlib --enable-__cxa_atexit --disable-libunwind-exceptions --enable-clocale=gnu --disable-libstdcxx-pch --enable-gnu-unique-object --enable-linker-build-id --enable-cloog-backend=isl --disable-cloog-version-check --enable-lto --enable-gold --enable-ld=default --enable-plugin --with-plugin-ld=ld.gold --with-linker-hash-style=gnu --disable-install-libiberty --disable-multilib --disable-libssp --disable-werror --enable-checking=release
Thread model: posix
gcc version 4.8.1 20130725 (prerelease) (GCC) 
configure:5104: $? = 0
configure:5093: gcc -V >&5
gcc: error: unrecognized command line option '-V'
gcc: fatal error: no input files
compilation terminated.
configure:5104: $? = 1
configure:5093: gcc -qversion >&5
gcc: error: unrecognized command line option '-qversion'
gcc: fatal error: no input files
compilation terminated.
configure:5104: $? = 1
configure:5108: checking whether we are using the GNU C compiler
configure:5136: result: yes
configure:5145: checking whether gcc accepts -g
configure:5206: result: yes
configure:5223: checking for gcc option to accept ISO C89
configure:5299: result: none needed
configure:5324: checking whether gcc understands -c and -o together
configure:5361: result: yes
configure:5380: checking dependency style of gcc
configure:5491: result: gcc3
configure:5555: checking for ar
configure:5571: found /usr/bin/ar
configure:5582: result: ar
configure:5608: checking the archiver (ar) interface
configure:5624: gcc -c -g -O2  conftest.c >&5
configure:5624: $? = 0
configure:5626: ar cru libconftest.a conftest.o >&5
configure:5629: $? = 0
configure:5657: result: ar
configure:5720: checking for ranlib
configure:5736: found /usr/bin/ranlib
configure:5747: result: ranlib
configure:5772: WARNING: AM_PATH_CHECK() is deprecated
configure:5774: WARNING: use PKG_CHECK_MODULES([CHECK], [check >= 0.9.4]) instead
configure:5785: checking for check - version >= 0.8.2
configure:5860: gcc -c -g -O2   conftest.c >&5
configure:5860: $? = 0
configure:5871: result: yes
configure:5937: checking for stdlib.h
configure:5937: result: yes
configure:5947: checking for GNU libc compatible malloc
configure:5971: gcc -o conftest -g -O2   conftest.c  >&5
configure:5971: $? = 0
configure:5971: ./conftest
configure:5971: $? = 0
configure:5981: result: yes
configure:6004: checking for stdlib.h
configure:6004: result: yes
configure:6014: checking for GNU libc compatible realloc
configure:6038: gcc -o conftest -g -O2   conftest.c  >&5
configure:6038: $? = 0
configure:6038: ./conftest
configure:6038: $? = 0
configure:6048: result: yes
configure:6071: checking for memset
configure:6071: gcc -o conftest -g -O2   conftest.c  >&5
conftest.c:53:6: warning: conflicting types for built-in function 'memset' [enabled by default]
 char memset ();
      ^
configure:6071: $? = 0
configure:6071: result: yes
configure:6192: checking that generated files are newer than configure
configure:6198: result: done
configure:6225: creating ./config.status

## ---------------- ##
## Cache variables. ##
## ---------------- ##

ac_cv_c_compiler_gnu=yes
ac_cv_c_inline=inline
ac_cv_c_uint32_t=yes
ac_cv_env_CC_set=
ac_cv_env_CC_value=
ac_cv_env_CFLAGS_set=
ac_cv_env_CFLAGS_value=
ac_cv_env_CPPFLAGS_set=
ac_cv_env_CPPFLAGS_value=
ac_cv_env_CPP_set=
ac_cv_env_CPP_value=
ac_cv_env_LDFLAGS_set=
ac_cv_env_LDFLAGS_value=
ac_cv_env_LIBS_set=
ac_cv_env_LIBS_value=
ac_cv_env_build_alias_set=
ac_cv_env_build_alias_value=
ac_cv_env_host_alias_set=
ac_cv_env_host_alias_value=
ac_cv_env_target_alias_set=
ac_cv_env_target_alias_value=
ac_cv_func_malloc_0_nonnull=yes
ac_cv_func_memset=yes
ac_cv_func_realloc_0_nonnull=yes
ac_cv_header_inttypes_h=yes
ac_cv_header_memory_h=yes
ac_cv_header_stdbool_h=yes
ac_cv_header_stdc=yes
ac_cv_header_stddef_h=yes
ac_cv_header_stdint_h=yes
ac_cv_header_stdlib_h=yes
ac_cv_header_string_h=yes
ac_cv_header_strings_h=yes
ac_cv_header_sys_stat_h=yes
ac_cv_header_sys_types_h=yes
ac_cv_header_unistd_h=yes
ac_cv_objext=o
ac_cv_path_EGREP='/usr/bin/grep -E'
ac_cv_path_GREP=/usr/bin/grep
ac_cv_path_install='/usr/bin/install -c'
ac_cv_path_mkdir=/usr/bin/mkdir
ac_cv_prog_AWK=gawk
ac_cv_prog_CPP='gcc -std=gnu99 -E'
ac_cv_prog_ac_ct_AR=ar
ac_cv_prog_ac_ct_CC=gcc
ac_cv_prog_ac_ct_RANLIB=ranlib
ac_cv_prog_cc_c89=
ac_cv_prog_cc_c99=-std=gnu99
ac_cv_prog_cc_g=yes
ac_cv_prog_cc_stdc=-std=gnu99
ac_cv_prog_make_make_set=yes
ac_cv_type__Bool=yes
ac_cv_type_size_t=yes
am_cv_CC_dependencies_compiler_type=gcc3
am_cv_ar_interface=ar
am_cv_make_support_nested_variables=yes
am_cv_prog_cc_c_o=yes

## ----------------- ##
## Output variables. ##
## ----------------- ##

ACLOCAL='${SHELL} /home/igutek/Dropbox/Projects/ooc/libooc/missing aclocal-1.14'
AMDEPBACKSLASH='\'
AMDEP_FALSE='#'
AMDEP_TRUE=''
AMTAR='$${TAR-tar}'
AM_BACKSLASH='\'
AM_DEFAULT_V='$(AM_DEFAULT_VERBOSITY)'
AM_DEFAULT_VERBOSITY='1'
AM_V='$(V)'
AR='ar'
AUTOCONF='${SHELL} /home/igutek/Dropbox/Projects/ooc/libooc/missing autoconf'
AUTOHEADER='${SHELL} /home/igutek/Dropbox/Projects/ooc/libooc/missing autoheader'
AUTOMAKE='${SHELL} /home/igutek/Dropbox/Projects/ooc/libooc/missing automake-1.14'
AWK='gawk'
CC='gcc'
CCDEPMODE='depmode=gcc3'
CFLAGS='-g -O2'
CHECK_CFLAGS=''
CHECK_LIBS='-lcheck'
CPP='gcc -std=gnu99 -E'
CPPFLAGS=''
CYGPATH_W='echo'
DEFS='-DHAVE_CONFIG_H'
DEPDIR='.deps'
ECHO_C=''
ECHO_N='-n'
ECHO_T=''
EGREP='/usr/bin/grep -E'
EXEEXT=''
GREP='/usr/bin/grep'
INSTALL_DATA='${INSTALL} -m 644'
INSTALL_PROGRAM='${INSTALL}'
INSTALL_SCRIPT='${INSTALL}'
INSTALL_STRIP_PROGRAM='$(install_sh) -c -s'
LDFLAGS=''
LIBOBJS=''
LIBS=''
LTLIBOBJS=''
MAKEINFO='${SHELL} /home/igutek/Dropbox/Projects/ooc/libooc/missing makeinfo'
MKDIR_P='/usr/bin/mkdir -p'
OBJEXT='o'
PACKAGE='ooc'
PACKAGE_BUGREPORT='igutekunst@gmail.com'
PACKAGE_NAME='ooc'
PACKAGE_STRING='ooc 0.0.1'
PACKAGE_TARNAME='ooc'
PACKAGE_URL=''
PACKAGE_VERSION='0.0.1'
PATH_SEPARATOR=':'
RANLIB='ranlib'
SET_MAKE=''
SHELL='/bin/sh'
STRIP=''
VERSION='0.0.1'
ac_ct_AR='ar'
ac_ct_CC='gcc'
am__EXEEXT_FALSE=''
am__EXEEXT_TRUE='#'
am__fastdepCC_FALSE='#'
am__fastdepCC_TRUE=''
am__include='include'
am__isrc=''
am__leading_dot='.'
am__nodep='_no'
am__quote=''
am__tar='$${TAR-tar} chof - "$$tardir"'
am__untar='$${TAR-tar} xf -'
bindir='${exec_prefix}/bin'
build_alias=''
datadir='${datarootdir}'
datarootdir='${prefix}/share'
docdir='${datarootdir}/doc/${PACKAGE_TARNAME}'
dvidir='${docdir}'
exec_prefix='${prefix}'
host_alias=''
htmldir='${docdir}'
includedir='${prefix}/include'
infodir='${datarootdir}/info'
install_sh='${SHELL} /home/igutek/Dropbox/Projects/ooc/libooc/install-sh'
libdir='${exec_prefix}/lib'
libexecdir='${exec_prefix}/libexec'
localedir='${datarootdir}/locale'
localstatedir='${prefix}/var'
mandir='${datarootdir}/man'
mkdir_p='$(MKDIR_P)'
oldincludedir='/usr/include'
pdfdir='${docdir}'
prefix='/usr/local'
program_transform_name='s,x,x,'
psdir='${docdir}'
sbindir='${exec_prefix}/sbin'
sharedstatedir='${prefix}/com'
sysconfdir='${prefix}/etc'
target_alias=''

## ----------- ##
## confdefs.h. ##
## ----------- ##

/* confdefs.h */
#define PACKAGE_NAME "ooc"
#define PACKAGE_TARNAME "ooc"
#define PACKAGE_VERSION "0.0.1"
#define PACKAGE_STRING "ooc 0.0.1"
#define PACKAGE_BUGREPORT "igutekunst@gmail.com"
#define PACKAGE_URL ""
#define PACKAGE "ooc"
#define VERSION "0.0.1"
#define STDC_HEADERS 1
#define HAVE_SYS_TYPES_H 1
#define HAVE_SYS_STAT_H 1
#define HAVE_STDLIB_H 1
#define HAVE_STRING_H 1
#define HAVE_MEMORY_H 1
#define HAVE_STRINGS_H 1
#define HAVE_INTTYPES_H 1
#define HAVE_STDINT_H 1
#define HAVE_UNISTD_H 1
#define HAVE_STDDEF_H 1
#define HAVE_STDINT_H 1
#define HAVE_STDLIB_H 1
#define HAVE_STRING_H 1
#define HAVE__BOOL 1
#define HAVE_STDLIB_H 1
#define HAVE_MALLOC 1
#define HAVE_STDLIB_H 1
#define HAVE_REALLOC 1
#define HAVE_MEMSET 1

configure: exit 0

## ---------------------- ##
## Running config.status. ##
## ---------------------- ##

This file was extended by ooc config.status 0.0.1, which was
generated by GNU Autoconf 2.69.  Invocation command line was

  CONFIG_FILES    = 
  CONFIG_HEADERS  = 
  CONFIG_LINKS    = 
  CONFIG_COMMANDS = 
  $ ./config.status 

on h4k

config.status:869: creating Makefile
config.status:869: creating src/Makefile
config.status:869: creating tests/Makefile
config.status:869: creating config.h
config.status:1050: config.h is unchanged
config.status:1098: executing depfiles commands

## ---------------------- ##
## Running config.status. ##
## ---------------------- ##

This file was extended by ooc config.status 0.0.1, which was
generated by GNU Autoconf 2.69.  Invocation command line was

  CONFIG_FILES    = 
  CONFIG_HEADERS  = 
  CONFIG_LINKS    = 
  CONFIG_COMMANDS = 
  $ ./config.status config.h

on h4k

config.status:869: creating config.h
config.status:1050: config.h is unchanged
